<?xml version="1.0" encoding="UTF-8"?>
<testsuite xmlns:xsi="http://www.w3.org/2001/XMLSchema-instance" xsi:noNamespaceSchemaLocation="https://maven.apache.org/surefire/maven-surefire-plugin/xsd/surefire-test-report-3.0.xsd" version="3.0" name="TestSuite" time="157.448" tests="6" errors="0" skipped="0" failures="1">
  <properties>
[...]
</properties>
  <testcase name="loginLogOut" classname="testcases.CreateBinPlantation1" time="11.312"/>
  <testcase name="loginLogOut" classname="testcases.CreateNewDO" time="51.649">
    <failure message="FAILED" type="java.lang.RuntimeException">java.lang.RuntimeException: FAILED
	at testcases.CreateNewDO.loginLogOut(CreateNewDO.java:45)
</failure>
    <system-err><![CDATA[Starting ChromeDriver 83.0.4103.39 (ccbf011cb2d2b19b506d844400483861342c20cd-refs/branch-heads/4103@{#416}) on port 36500
Only local connections are allowed.
Please see https://chromedriver.chromium.org/security-considerations for suggestions on keeping ChromeDriver safe.
ChromeDriver was started successfully.
Jul 10, 2020 1:00:48 AM org.openqa.selenium.remote.ProtocolHandshake createSession
INFO: Detected dialect: W3C
]]></system-err>
  </testcase>
  <testcase name="loginLogOut" classname="testcases.CreateNewWeighBridge" time="11.646"/>
  <testcase name="loginLogOut" classname="testcases.CreateTicketPlantation" time="15.062"/>
  <testcase name="loginLogOut" classname="testcases.TC001_LoginLogOut" time="5.552"/>
  <testcase name="loginLogOut" classname="testcases.UpdateWeighBridge" time="10.215"/>
</testsuite>