<?xml version="1.0" encoding="UTF-8"?>
<testng-results skipped="0" failed="1" total="6" passed="5">
  <reporter-output>
  </reporter-output>
  <suite name="Suite" duration-ms="155962" started-at="2020-07-10T01:00:24Z" finished-at="2020-07-10T01:03:00Z">
    <groups>
    </groups>
    <test name="Test" duration-ms="155962" started-at="2020-07-10T01:00:24Z" finished-at="2020-07-10T01:03:00Z">
      <class name="testcases.TC001_LoginLogOut">
        <test-method status="PASS" signature="setValue()" name="setValue" is-config="true" duration-ms="0" started-at="2020-07-10T01:02:26Z" finished-at="2020-07-10T01:02:26Z">
        </test-method>
        <test-method status="PASS" signature="beforeMethod()" name="beforeMethod" is-config="true" duration-ms="6924" started-at="2020-07-10T01:02:26Z" finished-at="2020-07-10T01:02:33Z">
        </test-method>
        <test-method status="PASS" signature="loginLogOut(java.lang.String, java.lang.String)" name="loginLogOut" duration-ms="5551" started-at="2020-07-10T01:02:33Z" finished-at="2020-07-10T01:02:39Z">
          <params>
            <param index="0">
              <value>
                <![CDATA[smallholder@dibizglobal.com]]>
              </value>
            </param>
            <param index="1">
              <value>
                <![CDATA[helloSmallHolder123]]>
              </value>
            </param>
          </params>
        </test-method>
        <test-method status="PASS" signature="afterMethod()" name="afterMethod" is-config="true" duration-ms="946" started-at="2020-07-10T01:02:39Z" finished-at="2020-07-10T01:02:40Z">
        </test-method>
      </class>
      <class name="testcases.CreateNewDO">
        <test-method status="PASS" signature="beforeSuite()" name="beforeSuite" is-config="true" duration-ms="166" started-at="2020-07-10T01:00:24Z" finished-at="2020-07-10T01:00:24Z">
        </test-method>
        <test-method status="PASS" signature="beforeTest()" name="beforeTest" is-config="true" duration-ms="0" started-at="2020-07-10T01:00:24Z" finished-at="2020-07-10T01:00:24Z">
        </test-method>
        <test-method status="PASS" signature="setValue()" name="setValue" is-config="true" duration-ms="0" started-at="2020-07-10T01:00:45Z" finished-at="2020-07-10T01:00:45Z">
        </test-method>
        <test-method status="PASS" signature="beforeMethod()" name="beforeMethod" is-config="true" duration-ms="6534" started-at="2020-07-10T01:00:45Z" finished-at="2020-07-10T01:00:52Z">
        </test-method>
        <test-method status="FAIL" signature="loginLogOut(java.lang.String, java.lang.String, java.lang.String, java.lang.String, java.lang.String, java.lang.String, java.lang.String, java.lang.String, java.lang.String, java.lang.String, java.lang.String)" name="loginLogOut" duration-ms="51646" started-at="2020-07-10T01:00:52Z" finished-at="2020-07-10T01:01:43Z">
          <params>
            <param index="0">
              <value>
                <![CDATA[sales@klk.com]]>
              </value>
            </param>
            <param index="1">
              <value>
                <![CDATA[passwordklk123]]>
              </value>
            </param>
            <param index="2">
              <value>
                <![CDATA[Timur Oil Mills Sdn.Bhd.]]>
              </value>
            </param>
            <param index="3">
              <value>
                <![CDATA[KA 01 2020]]>
              </value>
            </param>
            <param index="4">
              <value>
                <![CDATA[DrD]]>
              </value>
            </param>
            <param index="5">
              <value>
                <![CDATA[Road]]>
              </value>
            </param>
            <param index="6">
              <value>
                <![CDATA[Transport]]>
              </value>
            </param>
            <param index="7">
              <value>
                <![CDATA[Crude Palm Oil (#CPO)]]>
              </value>
            </param>
            <param index="8">
              <value>
                <![CDATA[455]]>
              </value>
            </param>
            <param index="9">
              <value>
                <![CDATA[he is]]>
              </value>
            </param>
            <param index="10">
              <value>
                <![CDATA[new]]>
              </value>
            </param>
          </params>
          <exception class="java.lang.RuntimeException">
            <message>
              <![CDATA[FAILED]]>
            </message>
            <full-stacktrace>
              <![CDATA[java.lang.RuntimeException: FAILED
	at utils.Reporter.reportStep(Reporter.java:33)
	at utils.Reporter.reportStep(Reporter.java:43)
	at wrappers.GenericWrappers.enterById(GenericWrappers.java:150)
	at pages.DeliveryOrderPage.enterRemarks(DeliveryOrderPage.java:23)
	at testcases.CreateNewDO.loginLogOut(CreateNewDO.java:45)
	at sun.reflect.NativeMethodAccessorImpl.invoke0(Native Method)
	at sun.reflect.NativeMethodAccessorImpl.invoke(NativeMethodAccessorImpl.java:62)
	at sun.reflect.DelegatingMethodAccessorImpl.invoke(DelegatingMethodAccessorImpl.java:43)
	at java.lang.reflect.Method.invoke(Method.java:498)
	at org.testng.internal.MethodInvocationHelper.invokeMethod(MethodInvocationHelper.java:80)
	at org.testng.internal.Invoker.invokeMethod(Invoker.java:673)
	at org.testng.internal.Invoker.invokeTestMethod(Invoker.java:842)
	at org.testng.internal.Invoker.invokeTestMethods(Invoker.java:1166)
	at org.testng.internal.TestMethodWorker.invokeTestMethods(TestMethodWorker.java:125)
	at org.testng.internal.TestMethodWorker.run(TestMethodWorker.java:109)
	at org.testng.TestRunner.runWorkers(TestRunner.java:1178)
	at org.testng.TestRunner.privateRun(TestRunner.java:757)
	at org.testng.TestRunner.run(TestRunner.java:608)
	at org.testng.SuiteRunner.runTest(SuiteRunner.java:334)
	at org.testng.SuiteRunner.runSequentially(SuiteRunner.java:329)
	at org.testng.SuiteRunner.privateRun(SuiteRunner.java:291)
	at org.testng.SuiteRunner.run(SuiteRunner.java:240)
	at org.testng.SuiteRunnerWorker.runSuite(SuiteRunnerWorker.java:52)
	at org.testng.SuiteRunnerWorker.run(SuiteRunnerWorker.java:86)
	at org.testng.TestNG.runSuitesSequentially(TestNG.java:1158)
	at org.testng.TestNG.runSuitesLocally(TestNG.java:1083)
	at org.testng.TestNG.run(TestNG.java:999)
	at org.apache.maven.surefire.testng.TestNGExecutor.run(TestNGExecutor.java:283)
	at org.apache.maven.surefire.testng.TestNGXmlTestSuite.execute(TestNGXmlTestSuite.java:75)
	at org.apache.maven.surefire.testng.TestNGProvider.invoke(TestNGProvider.java:120)
	at org.apache.maven.surefire.booter.ForkedBooter.invokeProviderInSameClassLoader(ForkedBooter.java:384)
	at org.apache.maven.surefire.booter.ForkedBooter.runSuitesInProcess(ForkedBooter.java:345)
	at org.apache.maven.surefire.booter.ForkedBooter.execute(ForkedBooter.java:126)
	at org.apache.maven.surefire.booter.ForkedBooter.main(ForkedBooter.java:418)
]]>
            </full-stacktrace>
          </exception>
        </test-method>
        <test-method status="PASS" signature="afterMethod()" name="afterMethod" is-config="true" duration-ms="791" started-at="2020-07-10T01:01:43Z" finished-at="2020-07-10T01:01:44Z">
        </test-method>
        <test-method status="PASS" signature="afterTest()" name="afterTest" is-config="true" duration-ms="0" started-at="2020-07-10T01:03:00Z" finished-at="2020-07-10T01:03:00Z">
        </test-method>
        <test-method status="PASS" signature="afterSuite()" name="afterSuite" is-config="true" duration-ms="208" started-at="2020-07-10T01:03:00Z" finished-at="2020-07-10T01:03:01Z">
        </test-method>
      </class>
      <class name="testcases.CreateBinPlantation1">
        <test-method status="PASS" signature="setValue()" name="setValue" is-config="true" duration-ms="0" started-at="2020-07-10T01:00:24Z" finished-at="2020-07-10T01:00:24Z">
        </test-method>
        <test-method status="PASS" signature="beforeMethod()" name="beforeMethod" is-config="true" duration-ms="7904" started-at="2020-07-10T01:00:25Z" finished-at="2020-07-10T01:00:33Z">
        </test-method>
        <test-method status="PASS" signature="loginLogOut(java.lang.String, java.lang.String, java.lang.String, java.lang.String, java.lang.String, java.lang.String)" name="loginLogOut" duration-ms="11313" started-at="2020-07-10T01:00:33Z" finished-at="2020-07-10T01:00:44Z">
          <params>
            <param index="0">
              <value>
                <![CDATA[sime.lee@gmas.com]]>
              </value>
            </param>
            <param index="1">
              <value>
                <![CDATA[passwordgmas123]]>
              </value>
            </param>
            <param index="2">
              <value>
                <![CDATA[4 wheel]]>
              </value>
            </param>
            <param index="3">
              <value>
                <![CDATA[TN 4444]]>
              </value>
            </param>
            <param index="4">
              <value>
                <![CDATA[2]]>
              </value>
            </param>
            <param index="5">
              <value>
                <![CDATA[10]]>
              </value>
            </param>
          </params>
        </test-method>
        <test-method status="PASS" signature="afterMethod()" name="afterMethod" is-config="true" duration-ms="907" started-at="2020-07-10T01:00:44Z" finished-at="2020-07-10T01:00:45Z">
        </test-method>
      </class>
      <class name="testcases.CreateNewWeighBridge">
        <test-method status="PASS" signature="setValue()" name="setValue" is-config="true" duration-ms="0" started-at="2020-07-10T01:01:44Z" finished-at="2020-07-10T01:01:44Z">
        </test-method>
        <test-method status="PASS" signature="beforeMethod()" name="beforeMethod" is-config="true" duration-ms="6641" started-at="2020-07-10T01:01:44Z" finished-at="2020-07-10T01:01:51Z">
        </test-method>
        <test-method status="PASS" signature="loginLogOut(java.lang.String, java.lang.String, java.lang.String, java.lang.String, java.lang.String)" name="loginLogOut" duration-ms="11646" started-at="2020-07-10T01:01:51Z" finished-at="2020-07-10T01:02:02Z">
          <params>
            <param index="0">
              <value>
                <![CDATA[sales@klk.com]]>
              </value>
            </param>
            <param index="1">
              <value>
                <![CDATA[passwordklk123]]>
              </value>
            </param>
            <param index="2">
              <value>
                <![CDATA[1010]]>
              </value>
            </param>
            <param index="3">
              <value>
                <![CDATA[80]]>
              </value>
            </param>
            <param index="4">
              <value>
                <![CDATA[12345]]>
              </value>
            </param>
          </params>
        </test-method>
        <test-method status="PASS" signature="afterMethod()" name="afterMethod" is-config="true" duration-ms="943" started-at="2020-07-10T01:02:02Z" finished-at="2020-07-10T01:02:03Z">
        </test-method>
      </class>
      <class name="testcases.UpdateWeighBridge">
        <test-method status="PASS" signature="setValue()" name="setValue" is-config="true" duration-ms="0" started-at="2020-07-10T01:02:40Z" finished-at="2020-07-10T01:02:40Z">
        </test-method>
        <test-method status="PASS" signature="beforeMethod()" name="beforeMethod" is-config="true" duration-ms="9673" started-at="2020-07-10T01:02:40Z" finished-at="2020-07-10T01:02:49Z">
        </test-method>
        <test-method status="PASS" signature="loginLogOut(java.lang.String, java.lang.String, java.lang.String, java.lang.String, java.lang.String)" name="loginLogOut" duration-ms="10215" started-at="2020-07-10T01:02:49Z" finished-at="2020-07-10T01:03:00Z">
          <params>
            <param index="0">
              <value>
                <![CDATA[sales@klk.com]]>
              </value>
            </param>
            <param index="1">
              <value>
                <![CDATA[passwordklk123]]>
              </value>
            </param>
            <param index="2">
              <value>
                <![CDATA[101]]>
              </value>
            </param>
            <param index="3">
              <value>
                <![CDATA[10]]>
              </value>
            </param>
            <param index="4">
              <value>
                <![CDATA[4321]]>
              </value>
            </param>
          </params>
        </test-method>
        <test-method status="PASS" signature="afterMethod()" name="afterMethod" is-config="true" duration-ms="796" started-at="2020-07-10T01:03:00Z" finished-at="2020-07-10T01:03:00Z">
        </test-method>
      </class>
      <class name="testcases.CreateTicketPlantation">
        <test-method status="PASS" signature="setValue()" name="setValue" is-config="true" duration-ms="0" started-at="2020-07-10T01:02:03Z" finished-at="2020-07-10T01:02:03Z">
        </test-method>
        <test-method status="PASS" signature="beforeMethod()" name="beforeMethod" is-config="true" duration-ms="6758" started-at="2020-07-10T01:02:04Z" finished-at="2020-07-10T01:02:10Z">
        </test-method>
        <test-method status="PASS" signature="loginLogOut(java.lang.String, java.lang.String, java.lang.String, java.lang.String, java.lang.String, java.lang.String, java.lang.String, java.lang.String, java.lang.String, java.lang.String, java.lang.String)" name="loginLogOut" duration-ms="15063" started-at="2020-07-10T01:02:10Z" finished-at="2020-07-10T01:02:25Z">
          <params>
            <param index="0">
              <value>
                <![CDATA[sime.lee@gmas.com]]>
              </value>
            </param>
            <param index="1">
              <value>
                <![CDATA[passwordgmas123]]>
              </value>
            </param>
            <param index="2">
              <value>
                <![CDATA[Fresh fruit bunch (#FFB)]]>
              </value>
            </param>
            <param index="3">
              <value>
                <![CDATA[Sime Lee]]>
              </value>
            </param>
            <param index="4">
              <value>
                <![CDATA[8888.0]]>
              </value>
            </param>
            <param index="5">
              <value>
                <![CDATA[Chennai]]>
              </value>
            </param>
            <param index="6">
              <value>
                <![CDATA[H4A]]>
              </value>
            </param>
            <param index="7">
              <value>
                <![CDATA[2nd Phase]]>
              </value>
            </param>
            <param index="8">
              <value>
                <![CDATA[20]]>
              </value>
            </param>
            <param index="9">
              <value>
                <![CDATA[30]]>
              </value>
            </param>
            <param index="10">
              <value>
                <![CDATA[40]]>
              </value>
            </param>
          </params>
        </test-method>
        <test-method status="PASS" signature="afterMethod()" name="afterMethod" is-config="true" duration-ms="794" started-at="2020-07-10T01:02:25Z" finished-at="2020-07-10T01:02:26Z">
        </test-method>
      </class>
    </test>
  </suite>
</testng-results>
