<?xml version="1.0" encoding="UTF-8"?>
<testng-results skipped="0" failed="0" ignored="0" total="1" passed="1">
  <reporter-output>
  </reporter-output>
  <suite name="Default suite" duration-ms="16203" started-at="2020-07-21T19:00:17Z" finished-at="2020-07-21T19:00:33Z">
    <groups>
    </groups>
    <test name="Default test" duration-ms="16203" started-at="2020-07-21T19:00:17Z" finished-at="2020-07-21T19:00:33Z">
      <class name="testcases.PlantationAuditReport">
        <test-method status="PASS" signature="beforeSuite()[pri:0, instance:testcases.PlantationAuditReport@2038ae61]" name="beforeSuite" is-config="true" duration-ms="346" started-at="2020-07-22T00:30:17Z" finished-at="2020-07-22T00:30:17Z">
          <reporter-output>
          </reporter-output>
        </test-method> <!-- beforeSuite -->
        <test-method status="PASS" signature="beforeTest()[pri:0, instance:testcases.PlantationAuditReport@2038ae61]" name="beforeTest" is-config="true" duration-ms="0" started-at="2020-07-22T00:30:17Z" finished-at="2020-07-22T00:30:17Z">
          <reporter-output>
          </reporter-output>
        </test-method> <!-- beforeTest -->
        <test-method status="PASS" signature="setValue()[pri:0, instance:testcases.PlantationAuditReport@2038ae61]" name="setValue" is-config="true" duration-ms="0" started-at="2020-07-22T00:30:17Z" finished-at="2020-07-22T00:30:17Z">
          <reporter-output>
          </reporter-output>
        </test-method> <!-- setValue -->
        <test-method status="PASS" signature="beforeMethod()[pri:0, instance:testcases.PlantationAuditReport@2038ae61]" name="beforeMethod" is-config="true" duration-ms="7927" started-at="2020-07-22T00:30:18Z" finished-at="2020-07-22T00:30:26Z">
          <reporter-output>
          </reporter-output>
        </test-method> <!-- beforeMethod -->
        <test-method status="PASS" signature="loginLogOut(java.lang.String, java.lang.String)[pri:0, instance:testcases.PlantationAuditReport@2038ae61]" name="loginLogOut" duration-ms="6772" started-at="2020-07-22T00:30:26Z" data-provider="fetchData" finished-at="2020-07-22T00:30:32Z">
          <params>
            <param index="0">
              <value>
                <![CDATA[sime.lee@gmas.com ]]>
              </value>
            </param>
            <param index="1">
              <value>
                <![CDATA[passwordgmas123]]>
              </value>
            </param>
          </params>
          <reporter-output>
          </reporter-output>
        </test-method> <!-- loginLogOut -->
        <test-method status="PASS" signature="afterMethod()[pri:0, instance:testcases.PlantationAuditReport@2038ae61]" name="afterMethod" is-config="true" duration-ms="1144" started-at="2020-07-22T00:30:32Z" finished-at="2020-07-22T00:30:33Z">
          <reporter-output>
          </reporter-output>
        </test-method> <!-- afterMethod -->
        <test-method status="PASS" signature="afterTest()[pri:0, instance:testcases.PlantationAuditReport@2038ae61]" name="afterTest" is-config="true" duration-ms="0" started-at="2020-07-22T00:30:33Z" finished-at="2020-07-22T00:30:33Z">
          <reporter-output>
          </reporter-output>
        </test-method> <!-- afterTest -->
        <test-method status="PASS" signature="afterSuite()[pri:0, instance:testcases.PlantationAuditReport@2038ae61]" name="afterSuite" is-config="true" duration-ms="210" started-at="2020-07-22T00:30:33Z" finished-at="2020-07-22T00:30:34Z">
          <reporter-output>
          </reporter-output>
        </test-method> <!-- afterSuite -->
      </class> <!-- testcases.PlantationAuditReport -->
    </test> <!-- Default test -->
  </suite> <!-- Default suite -->
</testng-results>
